<?xml version="1.0" encoding="UTF-8"?>
<testsuite name="round2.task4.SolutionTest" tests="1" skipped="0" failures="0" errors="0" timestamp="2020-05-24T13:02:12" hostname="MOW-C02WQ2VDHTD5" time="0.017">
  <properties/>
  <testcase name="shouldSolveSample" classname="round2.task4.SolutionTest" time="0.017"/>
  <system-out><![CDATA[]]></system-out>
  <system-err><![CDATA[]]></system-err>
</testsuite>
